<?xml version="1.0" encoding="UTF-8"?>
<!-- Generated by org.testng.reporters.JUnitReportReporter -->
<testsuite name="flight_booking_test.Register_test" tests="1" time="12.620" ignored="0" failures="0" timestamp="23 Feb 2017 05:09:04 GMT" skipped="0" hostname="Shubham" errors="0">
  <testcase name="test" time="12.620" classname="flight_booking_test.Register_test"/>
</testsuite> <!-- flight_booking_test.Register_test -->
