<?xml version="1.0" encoding="UTF-8"?>
<!-- Generated by org.testng.reporters.JUnitReportReporter -->
<testsuite name="flight_booking_test.FlightBookingTest" tests="1" time="53.566" ignored="0" failures="0" timestamp="23 Feb 2017 07:37:49 GMT" skipped="0" hostname="Shubham" errors="0">
  <testcase name="test" time="53.566" classname="flight_booking_test.FlightBookingTest"/>
</testsuite> <!-- flight_booking_test.FlightBookingTest -->
