<?xml version="1.0" encoding="UTF-8"?>
<!-- Generated by org.testng.reporters.JUnitReportReporter -->
<testsuite name="flight_booking_test.FlightBookingTest" tests="1" time="105.821" ignored="0" failures="0" timestamp="23 Feb 2017 08:12:29 GMT" skipped="0" hostname="Shubham" errors="0">
  <testcase name="test" time="105.821" classname="flight_booking_test.FlightBookingTest"/>
</testsuite> <!-- flight_booking_test.FlightBookingTest -->
